Flow report for ESP
Sun Jun 06 13:13:29 2021
Quartus Prime Version 20.1.0 Build 711 06/05/2020 SJ Lite Edition


---------------------
; Table of Contents ;
---------------------
  1. Legal Notice
  2. Flow Summary
  3. Flow Settings
  4. Flow Non-Default Global Settings
  5. Flow Elapsed Time
  6. Flow OS Summary
  7. Flow Log
  8. Flow Messages
  9. Flow Suppressed Messages



----------------
; Legal Notice ;
----------------
Copyright (C) 2020  Intel Corporation. All rights reserved.
Your use of Intel Corporation's design tools, logic functions 
and other software and tools, and any partner logic 
functions, and any output files from any of the foregoing 
(including device programming or simulation files), and any 
associated documentation or information are expressly subject 
to the terms and conditions of the Intel Program License 
Subscription Agreement, the Intel Quartus Prime License Agreement,
the Intel FPGA IP License Agreement, or other applicable license
agreement, including, without limitation, that your use is for
the sole purpose of programming logic devices manufactured by
Intel and sold by Intel or its authorized distributors.  Please
refer to the applicable agreement for further details, at
https://fpgasoftware.intel.com/eula.



+----------------------------------------------------------------------------------+
; Flow Summary                                                                     ;
+------------------------------------+---------------------------------------------+
; Flow Status                        ; Successful - Sun Jun 06 13:13:17 2021       ;
; Quartus Prime Version              ; 20.1.0 Build 711 06/05/2020 SJ Lite Edition ;
; Revision Name                      ; ESP                                         ;
; Top-level Entity Name              ; ESP                                         ;
; Family                             ; Cyclone 10 LP                               ;
; Device                             ; 10CL055YF484C8G                             ;
; Timing Models                      ; Final                                       ;
; Total logic elements               ; 22,434 / 55,856 ( 40 % )                    ;
;     Total combinational functions  ; 18,938 / 55,856 ( 34 % )                    ;
;     Dedicated logic registers      ; 8,805 / 55,856 ( 16 % )                     ;
; Total registers                    ; 8805                                        ;
; Total pins                         ; 0 / 322 ( 0 % )                             ;
; Total virtual pins                 ; 269                                         ;
; Total memory bits                  ; 410,177 / 2,396,160 ( 17 % )                ;
; Embedded Multiplier 9-bit elements ; 0 / 312 ( 0 % )                             ;
; Total PLLs                         ; 0 / 4 ( 0 % )                               ;
+------------------------------------+---------------------------------------------+


+-----------------------------------------+
; Flow Settings                           ;
+-------------------+---------------------+
; Option            ; Setting             ;
+-------------------+---------------------+
; Start date & time ; 06/06/2021 12:56:56 ;
; Main task         ; Compilation         ;
; Revision Name     ; ESP                 ;
+-------------------+---------------------+


+-------------------------------------------------------------------------------------------------------------------------+
; Flow Non-Default Global Settings                                                                                        ;
+-------------------------------------+----------------------------------------+---------------+-------------+------------+
; Assignment Name                     ; Value                                  ; Default Value ; Entity Name ; Section Id ;
+-------------------------------------+----------------------------------------+---------------+-------------+------------+
; COMPILER_SIGNATURE_ID               ; 10995770589208.162297701516584         ; --            ; --          ; --         ;
; MAX_CORE_JUNCTION_TEMP              ; 85                                     ; --            ; --          ; --         ;
; MIN_CORE_JUNCTION_TEMP              ; 0                                      ; --            ; --          ; --         ;
; NOMINAL_CORE_SUPPLY_VOLTAGE         ; 1.2V                                   ; --            ; --          ; --         ;
; PARTITION_COLOR                     ; -- (Not supported for targeted family) ; --            ; --          ; Top        ;
; PARTITION_FITTER_PRESERVATION_LEVEL ; -- (Not supported for targeted family) ; --            ; --          ; Top        ;
; PARTITION_NETLIST_TYPE              ; -- (Not supported for targeted family) ; --            ; --          ; Top        ;
; PROJECT_OUTPUT_DIRECTORY            ; output_files                           ; --            ; --          ; --         ;
+-------------------------------------+----------------------------------------+---------------+-------------+------------+


+--------------------------------------------------------------------------------------------------------------------------+
; Flow Elapsed Time                                                                                                        ;
+----------------------+--------------+-------------------------+---------------------+------------------------------------+
; Module Name          ; Elapsed Time ; Average Processors Used ; Peak Virtual Memory ; Total CPU Time (on all processors) ;
+----------------------+--------------+-------------------------+---------------------+------------------------------------+
; Analysis & Synthesis ; 00:02:14     ; 1.0                     ; 5222 MB             ; 00:02:38                           ;
; Fitter               ; 00:13:54     ; 1.1                     ; 5805 MB             ; 00:20:17                           ;
; Assembler            ; 00:00:03     ; 1.0                     ; 4771 MB             ; 00:00:03                           ;
; Timing Analyzer      ; 00:00:11     ; 1.7                     ; 5033 MB             ; 00:00:17                           ;
; Total                ; 00:16:22     ; --                      ; --                  ; 00:23:15                           ;
+----------------------+--------------+-------------------------+---------------------+------------------------------------+


+------------------------------------------------------------------------------------+
; Flow OS Summary                                                                    ;
+----------------------+------------------+------------+------------+----------------+
; Module Name          ; Machine Hostname ; OS Name    ; OS Version ; Processor type ;
+----------------------+------------------+------------+------------+----------------+
; Analysis & Synthesis ; Gustav-Surface   ; Windows 10 ; 10.0       ; x86_64         ;
; Fitter               ; Gustav-Surface   ; Windows 10 ; 10.0       ; x86_64         ;
; Assembler            ; Gustav-Surface   ; Windows 10 ; 10.0       ; x86_64         ;
; Timing Analyzer      ; Gustav-Surface   ; Windows 10 ; 10.0       ; x86_64         ;
+----------------------+------------------+------------+------------+----------------+


------------
; Flow Log ;
------------
quartus_map --read_settings_files=on --write_settings_files=off ESP -c ESP
quartus_fit --read_settings_files=off --write_settings_files=off ESP -c ESP
quartus_asm --read_settings_files=off --write_settings_files=off ESP -c ESP
quartus_sta ESP -c ESP



