Flow report for effMastrovito
Thu Apr 08 11:59:43 2021
Quartus Prime Version 15.1.2 Build 193 02/01/2016 SJ Lite Edition


---------------------
; Table of Contents ;
---------------------
  1. Legal Notice
  2. Flow Summary
  3. Flow Settings
  4. Flow Non-Default Global Settings
  5. Flow Elapsed Time
  6. Flow OS Summary
  7. Flow Log
  8. Flow Messages
  9. Flow Suppressed Messages



----------------
; Legal Notice ;
----------------
Copyright (C) 1991-2016 Altera Corporation. All rights reserved.
Your use of Altera Corporation's design tools, logic functions 
and other software and tools, and its AMPP partner logic 
functions, and any output files from any of the foregoing 
(including device programming or simulation files), and any 
associated documentation or information are expressly subject 
to the terms and conditions of the Altera Program License 
Subscription Agreement, the Altera Quartus Prime License Agreement,
the Altera MegaCore Function License Agreement, or other 
applicable license agreement, including, without limitation, 
that your use is for the sole purpose of programming logic 
devices manufactured by Altera and sold by Altera or its 
authorized distributors.  Please refer to the applicable 
agreement for further details.



+----------------------------------------------------------------------------------+
; Flow Summary                                                                     ;
+------------------------------------+---------------------------------------------+
; Flow Status                        ; Successful - Thu Apr 08 11:59:43 2021       ;
; Quartus Prime Version              ; 15.1.2 Build 193 02/01/2016 SJ Lite Edition ;
; Revision Name                      ; effMastrovito                               ;
; Top-level Entity Name              ; multH                                       ;
; Family                             ; MAX 10                                      ;
; Device                             ; 10M50DAF484C7G                              ;
; Timing Models                      ; Final                                       ;
; Total logic elements               ; 14,100 / 49,760 ( 28 % )                    ;
;     Total combinational functions  ; 14,030 / 49,760 ( 28 % )                    ;
;     Dedicated logic registers      ; 385 / 49,760 ( < 1 % )                      ;
; Total registers                    ; 385                                         ;
; Total pins                         ; 0 / 360 ( 0 % )                             ;
; Total virtual pins                 ; 387                                         ;
; Total memory bits                  ; 0 / 1,677,312 ( 0 % )                       ;
; Embedded Multiplier 9-bit elements ; 0 / 288 ( 0 % )                             ;
; Total PLLs                         ; 0 / 4 ( 0 % )                               ;
; UFM blocks                         ; 0 / 1 ( 0 % )                               ;
; ADC blocks                         ; 0 / 2 ( 0 % )                               ;
+------------------------------------+---------------------------------------------+


+-----------------------------------------+
; Flow Settings                           ;
+-------------------+---------------------+
; Option            ; Setting             ;
+-------------------+---------------------+
; Start date & time ; 04/08/2021 11:53:41 ;
; Main task         ; Compilation         ;
; Revision Name     ; effMastrovito       ;
+-------------------+---------------------+


+----------------------------------------------------------------------------------------------------------------------------+
; Flow Non-Default Global Settings                                                                                           ;
+-------------------------------------+---------------------------------------+---------------+-------------+----------------+
; Assignment Name                     ; Value                                 ; Default Value ; Entity Name ; Section Id     ;
+-------------------------------------+---------------------------------------+---------------+-------------+----------------+
; COMPILER_SIGNATURE_ID               ; 202523637576825.161787562110432       ; --            ; --          ; --             ;
; EDA_OUTPUT_DATA_FORMAT              ; Vhdl                                  ; --            ; --          ; eda_simulation ;
; EDA_SIMULATION_TOOL                 ; ModelSim-Altera (VHDL)                ; <None>        ; --          ; --             ;
; MAX_CORE_JUNCTION_TEMP              ; 85                                    ; --            ; --          ; --             ;
; MIN_CORE_JUNCTION_TEMP              ; 0                                     ; --            ; --          ; --             ;
; PARTITION_COLOR                     ; 16764057                              ; --            ; multH       ; Top            ;
; PARTITION_FITTER_PRESERVATION_LEVEL ; PLACEMENT_AND_ROUTING                 ; --            ; multH       ; Top            ;
; PARTITION_NETLIST_TYPE              ; SOURCE                                ; --            ; multH       ; Top            ;
; POWER_BOARD_THERMAL_MODEL           ; None (CONSERVATIVE)                   ; --            ; --          ; --             ;
; POWER_PRESET_COOLING_SOLUTION       ; 23 MM HEAT SINK WITH 200 LFPM AIRFLOW ; --            ; --          ; --             ;
; PROJECT_OUTPUT_DIRECTORY            ; output_files                          ; --            ; --          ; --             ;
; TOP_LEVEL_ENTITY                    ; multH                                 ; effMastrovito ; --          ; --             ;
+-------------------------------------+---------------------------------------+---------------+-------------+----------------+


+-------------------------------------------------------------------------------------------------------------------------------+
; Flow Elapsed Time                                                                                                             ;
+---------------------------+--------------+-------------------------+---------------------+------------------------------------+
; Module Name               ; Elapsed Time ; Average Processors Used ; Peak Virtual Memory ; Total CPU Time (on all processors) ;
+---------------------------+--------------+-------------------------+---------------------+------------------------------------+
; Analysis & Synthesis      ; 00:01:11     ; 1.0                     ; 5107 MB             ; 00:01:32                           ;
; Fitter                    ; 00:04:18     ; 1.3                     ; 5955 MB             ; 00:06:57                           ;
; Assembler                 ; 00:00:04     ; 1.0                     ; 4896 MB             ; 00:00:05                           ;
; TimeQuest Timing Analyzer ; 00:00:16     ; 3.0                     ; 5115 MB             ; 00:00:44                           ;
; EDA Netlist Writer        ; 00:00:04     ; 1.0                     ; 4904 MB             ; 00:00:04                           ;
; Total                     ; 00:05:53     ; --                      ; --                  ; 00:09:22                           ;
+---------------------------+--------------+-------------------------+---------------------+------------------------------------+


+----------------------------------------------------------------------------------------+
; Flow OS Summary                                                                        ;
+---------------------------+------------------+-----------+------------+----------------+
; Module Name               ; Machine Hostname ; OS Name   ; OS Version ; Processor type ;
+---------------------------+------------------+-----------+------------+----------------+
; Analysis & Synthesis      ; Gustav-Surface   ; Windows 8 ; 6.2        ; x86_64         ;
; Fitter                    ; Gustav-Surface   ; Windows 8 ; 6.2        ; x86_64         ;
; Assembler                 ; Gustav-Surface   ; Windows 8 ; 6.2        ; x86_64         ;
; TimeQuest Timing Analyzer ; Gustav-Surface   ; Windows 8 ; 6.2        ; x86_64         ;
; EDA Netlist Writer        ; Gustav-Surface   ; Windows 8 ; 6.2        ; x86_64         ;
+---------------------------+------------------+-----------+------------+----------------+


------------
; Flow Log ;
------------
quartus_map --read_settings_files=on --write_settings_files=off effMastrovito -c effMastrovito
quartus_fit --read_settings_files=off --write_settings_files=off effMastrovito -c effMastrovito
quartus_asm --read_settings_files=off --write_settings_files=off effMastrovito -c effMastrovito
quartus_sta effMastrovito -c effMastrovito
quartus_eda --read_settings_files=off --write_settings_files=off effMastrovito -c effMastrovito



